<?xml version="1.0" encoding="UTF-8"?>
<!-- Generated by org.testng.reporters.JUnitReportReporter -->
<testsuite hostname="PRATIK-PC" failures="0" tests="1" name="AUTOMATIONPKG.NaukariUpdate" time="30.998" errors="0" timestamp="2022-07-04T16:54:55 IST" skipped="0">
  <testcase classname="AUTOMATIONPKG.NaukariUpdate" name="Profileupdate" time="30.998"/>
  <system-out/>
</testsuite> <!-- AUTOMATIONPKG.NaukariUpdate -->
