<?xml version="1.0" encoding="UTF-8"?>
<!-- Generated by org.testng.reporters.JUnitReportReporter -->
<testsuite hostname="PRATIK-PC" failures="0" tests="1" name="AUTOMATIONPKG.NaukariUpdate" time="23.645" errors="0" timestamp="2022-08-08T12:18:06 IST" skipped="0">
  <testcase classname="AUTOMATIONPKG.NaukariUpdate" name="Profileupdate" time="23.645"/>
  <system-out/>
</testsuite> <!-- AUTOMATIONPKG.NaukariUpdate -->
